[15:24:27] [ServerMain/INFO]: [bootstrap] Running Java 21 (OpenJDK 64-Bit Server VM 21.0.6+7-Ubuntu-120.04.1; Ubuntu null) on Linux 6.5.0-1025-azure (amd64)
[15:24:27] [ServerMain/INFO]: [bootstrap] Loading Paper 1.21.3-63-master@4190ee7 (2024-11-25T18:59:19Z) for Minecraft 1.21.3
[15:24:27] [ServerMain/INFO]: [PluginInitializerManager] Initializing plugins...
[15:24:27] [ServerMain/INFO]: [PluginInitializerManager] Initialized 0 plugins
[15:24:28] [Paper Plugin Remapper Thread - 1/INFO]: [ReobfServer] Remapping server...
[15:24:35] [ServerMain/INFO]: Environment: Environment[sessionHost=https://sessionserver.mojang.com, servicesHost=https://api.minecraftservices.com, name=PROD]
[15:24:35] [ServerMain/INFO]: Found new data pack file/bukkit, loading it automatically
[15:24:35] [ServerMain/INFO]: Found new data pack paper, loading it automatically
[15:24:36] [ServerMain/INFO]: No existing world data, creating new world
[15:24:37] [Paper Plugin Remapper Thread - 1/INFO]: [ReobfServer] Done remapping server in 8658ms.
[15:24:37] [ServerMain/INFO]: Loaded 1337 recipes
[15:24:37] [ServerMain/INFO]: Loaded 1448 advancements
[15:24:38] [Server thread/INFO]: Starting minecraft server version 1.21.3
[15:24:38] [Server thread/INFO]: Loading properties
[15:24:38] [Server thread/INFO]: This server is running Paper version 1.21.3-63-master@4190ee7 (2024-11-25T18:59:19Z) (Implementing API version 1.21.3-R0.1-SNAPSHOT)
[15:24:39] [Server thread/INFO]: [spark] This server bundles the spark profiler. For more information please visit https://docs.papermc.io/paper/profiling
[15:24:39] [Server thread/INFO]: Server Ping Player Sample Count: 12
[15:24:39] [Server thread/INFO]: Using 4 threads for Netty based IO
[15:24:39] [Server thread/INFO]: [MoonriseCommon] Paper is using 1 worker threads, 1 I/O threads
[15:24:39] [Server thread/INFO]: [ChunkTaskScheduler] Chunk system is using population gen parallelism: true
[15:24:39] [Server thread/INFO]: Default game type: SURVIVAL
[15:24:39] [Server thread/INFO]: Generating keypair
[15:24:39] [Server thread/INFO]: Starting Minecraft server on *:25565
[15:24:40] [Server thread/INFO]: Using epoll channel type
[15:24:40] [Server thread/INFO]: Paper: Using libdeflate (Linux x86_64) compression from Velocity.
[15:24:40] [Server thread/INFO]: Paper: Using OpenSSL 1.1.x (Linux x86_64) cipher from Velocity.
[15:24:40] [Server thread/WARN]: **** SERVER IS RUNNING IN OFFLINE/INSECURE MODE!
[15:24:40] [Server thread/WARN]: The server will make no attempt to authenticate usernames. Beware.
[15:24:40] [Server thread/WARN]: While this makes the game possible to play without internet access, it also opens up the ability for hackers to connect with any username they choose.
[15:24:40] [Server thread/WARN]: To change this, set "online-mode" to "true" in the server.properties file.
[15:24:40] [Server thread/INFO]: Preparing level "world"
[15:24:45] [Paper Common Worker #0/INFO]: [MCTypeRegistry] Initialising converters for DataConverter...
[15:24:46] [Paper Common Worker #0/INFO]: [MCTypeRegistry] Finished initialising converters for DataConverter in 304.8ms
[15:24:51] [Server thread/INFO]: Preparing start region for dimension minecraft:overworld
[15:24:51] [Server thread/INFO]: Preparing spawn area: 2%
[15:24:52] [Server thread/INFO]: Preparing spawn area: 2%
[15:24:52] [Server thread/INFO]: Preparing spawn area: 2%
[15:24:53] [Server thread/INFO]: Preparing spawn area: 8%
[15:24:53] [Server thread/INFO]: Preparing spawn area: 18%
[15:24:54] [Server thread/INFO]: Preparing spawn area: 18%
[15:24:54] [Server thread/INFO]: Preparing spawn area: 18%
[15:24:55] [Server thread/INFO]: Preparing spawn area: 51%
[15:24:55] [Server thread/INFO]: Preparing spawn area: 61%
[15:24:56] [Server thread/INFO]: Preparing spawn area: 61%
[15:24:56] [Server thread/INFO]: Preparing spawn area: 69%
[15:24:56] [Server thread/INFO]: Time elapsed: 5250 ms
[15:24:56] [Server thread/INFO]: Preparing start region for dimension minecraft:the_nether
[15:24:56] [Server thread/INFO]: Preparing spawn area: 2%
[15:24:57] [Server thread/INFO]: Preparing spawn area: 4%
[15:24:57] [Server thread/INFO]: Preparing spawn area: 28%
[15:24:58] [Server thread/INFO]: Preparing spawn area: 69%
[15:24:58] [Server thread/INFO]: Time elapsed: 1630 ms
[15:24:58] [Server thread/INFO]: Preparing start region for dimension minecraft:the_end
[15:24:58] [Server thread/INFO]: Preparing spawn area: 2%
[15:24:58] [Server thread/INFO]: Time elapsed: 470 ms
[15:24:58] [Server thread/INFO]: [spark] Starting background profiler...
[15:24:59] [Server thread/INFO]: Done preparing level "world" (19.018s)
[15:24:59] [Server thread/INFO]: Running delayed init tasks
[15:24:59] [Server thread/INFO]: Done (32.822s)! For help, type "help"
[15:24:59] [Server thread/INFO]: *************************************************************************************
[15:24:59] [Server thread/INFO]: This is the first time you're starting this server.
[15:24:59] [Server thread/INFO]: It's recommended you read our 'Getting Started' documentation for guidance.
[15:24:59] [Server thread/INFO]: View this and more helpful information here: https://docs.papermc.io/paper/next-steps
[15:24:59] [Server thread/INFO]: *************************************************************************************
